<?xml version="1.0" encoding="UTF-8"?>
<!-- Generated by org.testng.reporters.JUnitReportReporter -->
<testsuite ignored="7" hostname="5050d-201445-l.mobility.unimelb.net.au" failures="0" tests="1" name="au.unimelb.covidcare.test.SimpleTestCovidCareWebTest" time="1.005" errors="0" timestamp="01 Mar. 2021 02:31:05 GMT" skipped="0">
  <testcase classname="au.unimelb.covidcare.test.SimpleTestCovidCareWebTest" name="testgetAllCovidCardIDS" time="1.005"/>
  <testcase classname="au.unimelb.covidcare.test.SimpleTestCovidCareWebTest" name="testgetnaxtavailablacovidcareid">
    <skipped/>
  </testcase> <!-- testgetnaxtavailablacovidcareid -->
  <testcase classname="au.unimelb.covidcare.test.SimpleTestCovidCareWebTest" name="testgetEncounter">
    <skipped/>
  </testcase> <!-- testgetEncounter -->
  <testcase classname="au.unimelb.covidcare.test.SimpleTestCovidCareWebTest" name="testCreateEncounter">
    <skipped/>
  </testcase> <!-- testCreateEncounter -->
  <testcase classname="au.unimelb.covidcare.test.SimpleTestCovidCareWebTest" name="testgetPatients">
    <skipped/>
  </testcase> <!-- testgetPatients -->
  <testcase classname="au.unimelb.covidcare.test.SimpleTestCovidCareWebTest" name="testCreatePatient">
    <skipped/>
  </testcase> <!-- testCreatePatient -->
  <testcase classname="au.unimelb.covidcare.test.SimpleTestCovidCareWebTest" name="testgetEncounters">
    <skipped/>
  </testcase> <!-- testgetEncounters -->
  <testcase classname="au.unimelb.covidcare.test.SimpleTestCovidCareWebTest" name="testgetReferral">
    <skipped/>
  </testcase> <!-- testgetReferral -->
</testsuite> <!-- au.unimelb.covidcare.test.SimpleTestCovidCareWebTest -->
