<?xml version="1.0" encoding="UTF-8"?>
<!-- Generated by org.testng.reporters.JUnitReportReporter -->
<testsuite ignored="4" hostname="5050d-201445-l.mobility.unimelb.net.au" failures="0" tests="1" name="au.unimelb.covidcare.test.SimpleTest" time="147.905" errors="0" timestamp="24 Dec. 2020 22:51:15 GMT" skipped="0">
  <testcase classname="au.unimelb.covidcare.test.SimpleTest" name="testcreateObservationsForPatientCOVIDCareID" time="147.905"/>
  <testcase classname="au.unimelb.covidcare.test.SimpleTest" name="testgetPatientByID">
    <skipped/>
  </testcase> <!-- testgetPatientByID -->
  <testcase classname="au.unimelb.covidcare.test.SimpleTest" name="testgetObservationByPatientID">
    <skipped/>
  </testcase> <!-- testgetObservationByPatientID -->
  <testcase classname="au.unimelb.covidcare.test.SimpleTest" name="testCreatPatient">
    <skipped/>
  </testcase> <!-- testCreatPatient -->
  <testcase classname="au.unimelb.covidcare.test.SimpleTest" name="testgetAllPatient">
    <skipped/>
  </testcase> <!-- testgetAllPatient -->
</testsuite> <!-- au.unimelb.covidcare.test.SimpleTest -->
