<?xml version="1.0" encoding="UTF-8"?>
<!-- Generated by org.testng.reporters.JUnitReportReporter -->
<testsuite ignored="8" hostname="5050d-201445-l.mobility.unimelb.net.au" failures="0" tests="1" name="au.unimelb.covidcare.test.SimpleTestCovidCare" time="0.088" errors="1" timestamp="28 Feb. 2021 22:49:12 GMT" skipped="0">
  <testcase classname="au.unimelb.covidcare.test.SimpleTestCovidCare" name="testCreatPatient" time="0.088">
    <error type="java.lang.NullPointerException">
      <![CDATA[java.lang.NullPointerException
	at au.unimelb.covidcare.controller.CovidCareController.registerPatientWithObservations(CovidCareController.java:137)
	at au.unimelb.covidcare.test.SimpleTestCovidCare.testCreatPatient(SimpleTestCovidCare.java:57)
	at java.base/jdk.internal.reflect.NativeMethodAccessorImpl.invoke0(Native Method)
	at java.base/jdk.internal.reflect.NativeMethodAccessorImpl.invoke(NativeMethodAccessorImpl.java:62)
	at java.base/jdk.internal.reflect.DelegatingMethodAccessorImpl.invoke(DelegatingMethodAccessorImpl.java:43)
	at java.base/java.lang.reflect.Method.invoke(Method.java:566)
	at org.testng.internal.MethodInvocationHelper.invokeMethod(MethodInvocationHelper.java:104)
	at org.testng.internal.Invoker.invokeMethod(Invoker.java:645)
	at org.testng.internal.Invoker.invokeTestMethod(Invoker.java:851)
	at org.testng.internal.Invoker.invokeTestMethods(Invoker.java:1177)
	at org.testng.internal.TestMethodWorker.invokeTestMethods(TestMethodWorker.java:129)
	at org.testng.internal.TestMethodWorker.run(TestMethodWorker.java:112)
	at org.testng.TestRunner.privateRun(TestRunner.java:756)
	at org.testng.TestRunner.run(TestRunner.java:610)
	at org.testng.SuiteRunner.runTest(SuiteRunner.java:387)
	at org.testng.SuiteRunner.runSequentially(SuiteRunner.java:382)
	at org.testng.SuiteRunner.privateRun(SuiteRunner.java:340)
	at org.testng.SuiteRunner.run(SuiteRunner.java:289)
	at org.testng.SuiteRunnerWorker.runSuite(SuiteRunnerWorker.java:52)
	at org.testng.SuiteRunnerWorker.run(SuiteRunnerWorker.java:86)
	at org.testng.TestNG.runSuitesSequentially(TestNG.java:1293)
	at org.testng.TestNG.runSuitesLocally(TestNG.java:1218)
	at org.testng.TestNG.runSuites(TestNG.java:1133)
	at org.testng.TestNG.run(TestNG.java:1104)
	at org.testng.remote.AbstractRemoteTestNG.run(AbstractRemoteTestNG.java:115)
	at org.testng.remote.RemoteTestNG.initAndRun(RemoteTestNG.java:251)
	at org.testng.remote.RemoteTestNG.main(RemoteTestNG.java:77)
]]>
    </error>
  </testcase> <!-- testCreatPatient -->
  <testcase classname="au.unimelb.covidcare.test.SimpleTestCovidCare" name="testgetEncounterByResID">
    <skipped/>
  </testcase> <!-- testgetEncounterByResID -->
  <testcase classname="au.unimelb.covidcare.test.SimpleTestCovidCare" name="testgetPatientByReferralIDAndCovidcareID">
    <skipped/>
  </testcase> <!-- testgetPatientByReferralIDAndCovidcareID -->
  <testcase classname="au.unimelb.covidcare.test.SimpleTestCovidCare" name="testgetEncounterListAsDisplayRows">
    <skipped/>
  </testcase> <!-- testgetEncounterListAsDisplayRows -->
  <testcase classname="au.unimelb.covidcare.test.SimpleTestCovidCare" name="testgetAllcovidcareIds">
    <skipped/>
  </testcase> <!-- testgetAllcovidcareIds -->
  <testcase classname="au.unimelb.covidcare.test.SimpleTestCovidCare" name="testcreateEncounter">
    <skipped/>
  </testcase> <!-- testcreateEncounter -->
  <testcase classname="au.unimelb.covidcare.test.SimpleTestCovidCare" name="testgetAllReferrals">
    <skipped/>
  </testcase> <!-- testgetAllReferrals -->
  <testcase classname="au.unimelb.covidcare.test.SimpleTestCovidCare" name="testgetAllPatient">
    <skipped/>
  </testcase> <!-- testgetAllPatient -->
  <testcase classname="au.unimelb.covidcare.test.SimpleTestCovidCare" name="testcreateObservationsForPatientCOVIDCareID">
    <skipped/>
  </testcase> <!-- testcreateObservationsForPatientCOVIDCareID -->
</testsuite> <!-- au.unimelb.covidcare.test.SimpleTestCovidCare -->
