<?xml version="1.0" encoding="UTF-8"?>
<!-- Generated by org.testng.reporters.JUnitReportReporter -->
<testsuite ignored="4" hostname="5050d-201445-l.mobility.unimelb.net.au" failures="0" tests="1" name="au.unimelb.covidcare.test.SimpleTestCovidCareWebTest" time="1.358" errors="0" timestamp="17 Feb. 2021 09:37:53 GMT" skipped="0">
  <testcase classname="au.unimelb.covidcare.test.SimpleTestCovidCareWebTest" name="testgetAllCovidCardIDS" time="1.358"/>
  <testcase classname="au.unimelb.covidcare.test.SimpleTestCovidCareWebTest" name="testgetEncounter">
    <skipped/>
  </testcase> <!-- testgetEncounter -->
  <testcase classname="au.unimelb.covidcare.test.SimpleTestCovidCareWebTest" name="testgetPatients">
    <skipped/>
  </testcase> <!-- testgetPatients -->
  <testcase classname="au.unimelb.covidcare.test.SimpleTestCovidCareWebTest" name="testgetEncounters">
    <skipped/>
  </testcase> <!-- testgetEncounters -->
  <testcase classname="au.unimelb.covidcare.test.SimpleTestCovidCareWebTest" name="testgetReferral">
    <skipped/>
  </testcase> <!-- testgetReferral -->
</testsuite> <!-- au.unimelb.covidcare.test.SimpleTestCovidCareWebTest -->
