<?xml version="1.0" encoding="UTF-8"?>
<!-- Generated by org.testng.reporters.JUnitReportReporter -->
<testsuite ignored="4" hostname="5050d-201445-l.mobility.unimelb.net.au" failures="0" tests="1" name="au.unimelb.fht.test.SimpleTestFHT" time="0.142" errors="0" timestamp="23 Feb. 2021 07:00:46 GMT" skipped="0">
  <testcase classname="au.unimelb.fht.test.SimpleTestFHT" name="getalertsbysearchcriteria" time="0.142"/>
  <testcase classname="au.unimelb.fht.test.SimpleTestFHT" name="testgetalerttypesbynamementalhealth">
    <skipped/>
  </testcase> <!-- testgetalerttypesbynamementalhealth -->
  <testcase classname="au.unimelb.fht.test.SimpleTestFHT" name="testgetdistinctalerttypesbynamevitalsigns">
    <skipped/>
  </testcase> <!-- testgetdistinctalerttypesbynamevitalsigns -->
  <testcase classname="au.unimelb.fht.test.SimpleTestFHT" name="testgetalerttypesbynamevitalsigns">
    <skipped/>
  </testcase> <!-- testgetalerttypesbynamevitalsigns -->
  <testcase classname="au.unimelb.fht.test.SimpleTestFHT" name="testfetchnewalerts">
    <skipped/>
  </testcase> <!-- testfetchnewalerts -->
</testsuite> <!-- au.unimelb.fht.test.SimpleTestFHT -->
